INFO - ****************** FeatureBuilderMain : MLNX*******************
DEBUG - Starting new HTTPS connection (1): api.iextrading.com:443
DEBUG - https://api.iextrading.com:443 "GET /1.0/stock/market/batch?symbols=SPY&types=chart&range=5y HTTP/1.1" 200 None
DEBUG - Starting new HTTPS connection (1): api.iextrading.com:443
DEBUG - https://api.iextrading.com:443 "GET /1.0/stock/market/batch?symbols=MLNX&types=chart&range=5y HTTP/1.1" 200 None
DEBUG - ConstructTestData : 
DEBUG - pre normalization df : 
DEBUG -             close
2014-01-06  38.98
2014-01-07  38.71
2014-01-08  40.08
2014-01-09  39.13
2014-01-10  39.02
DEBUG - post normalization df : 
DEBUG -                close
2014-01-06  0.129933
2014-01-07  0.129033
2014-01-08  0.133600
2014-01-09  0.130433
2014-01-10  0.130067
DEBUG - feature_num: 1
DEBUG - x size: (1214, 1)
DEBUG - [[ 0.12993333]
 [ 0.12903333]
 [ 0.1336    ]
 ..., 
 [ 0.24256667]
 [ 0.27766667]
 [ 0.26903333]]
DEBUG - y size: (1214,)
DEBUG - [ 0.12903333  0.1336      0.13043333 ...,  0.27766667  0.26903333
  0.27463333]
INFO - Training size: 849.
DEBUG - **** in Dual LSTM train *****
DEBUG - Iterations per epoch: 13.266 ~ 14.
DEBUG - Dual_Lstm_Attn: epoch num: 
DEBUG - 0
INFO - Epoch 0, loss: 0.000.
DEBUG - Dual_Lstm_Attn: epoch num: 
DEBUG - 1
DEBUG - Dual_Lstm_Attn: epoch num: 
DEBUG - 2
DEBUG - Dual_Lstm_Attn: epoch num: 
DEBUG - 3
DEBUG - Dual_Lstm_Attn: epoch num: 
DEBUG - 4
DEBUG - Dual_Lstm_Attn: epoch num: 
DEBUG - 5
DEBUG - Dual_Lstm_Attn: epoch num: 
DEBUG - 6
DEBUG - Dual_Lstm_Attn: epoch num: 
DEBUG - 7
DEBUG - Dual_Lstm_Attn: epoch num: 
DEBUG - 8
DEBUG - Dual_Lstm_Attn: epoch num: 
DEBUG - 9
DEBUG - Dual_Lstm_Attn: epoch num: 
DEBUG - 10
INFO - Epoch 10, loss: 0.000.
DEBUG - Dual_Lstm_Attn: epoch num: 
DEBUG - 11
DEBUG - Dual_Lstm_Attn: epoch num: 
DEBUG - 12
DEBUG - Dual_Lstm_Attn: epoch num: 
DEBUG - 13
DEBUG - Dual_Lstm_Attn: epoch num: 
DEBUG - 14
DEBUG - Dual_Lstm_Attn: epoch num: 
DEBUG - 15
DEBUG - Dual_Lstm_Attn: epoch num: 
DEBUG - 16
DEBUG - Dual_Lstm_Attn: epoch num: 
DEBUG - 17
DEBUG - Dual_Lstm_Attn: epoch num: 
DEBUG - 18
DEBUG - Dual_Lstm_Attn: epoch num: 
DEBUG - 19
DEBUG - Dual_Lstm_Attn: epoch num: 
DEBUG - 20
INFO - Epoch 20, loss: 0.000.
DEBUG - Dual_Lstm_Attn: epoch num: 
DEBUG - 21
DEBUG - Dual_Lstm_Attn: epoch num: 
DEBUG - 22
DEBUG - Dual_Lstm_Attn: epoch num: 
DEBUG - 23
DEBUG - Dual_Lstm_Attn: epoch num: 
DEBUG - 24
DEBUG - Dual_Lstm_Attn: epoch num: 
DEBUG - 25
DEBUG - Dual_Lstm_Attn: epoch num: 
DEBUG - 26
DEBUG - Dual_Lstm_Attn: epoch num: 
DEBUG - 27
DEBUG - Dual_Lstm_Attn: epoch num: 
DEBUG - 28
DEBUG - Dual_Lstm_Attn: epoch num: 
DEBUG - 29
DEBUG - Dual_Lstm_Attn: epoch num: 
DEBUG - 30
INFO - Epoch 30, loss: 0.000.
DEBUG - Dual_Lstm_Attn: epoch num: 
DEBUG - 31
DEBUG - Dual_Lstm_Attn: epoch num: 
DEBUG - 32
DEBUG - Dual_Lstm_Attn: epoch num: 
DEBUG - 33
DEBUG - Dual_Lstm_Attn: epoch num: 
DEBUG - 34
DEBUG - Dual_Lstm_Attn: epoch num: 
DEBUG - 35
DEBUG - Dual_Lstm_Attn: epoch num: 
DEBUG - 36
DEBUG - Dual_Lstm_Attn: epoch num: 
DEBUG - 37
DEBUG - Dual_Lstm_Attn: epoch num: 
DEBUG - 38
DEBUG - Dual_Lstm_Attn: epoch num: 
DEBUG - 39
DEBUG - Dual_Lstm_Attn: epoch num: 
DEBUG - 40
INFO - Epoch 40, loss: 0.000.
DEBUG - Dual_Lstm_Attn: epoch num: 
DEBUG - 41
DEBUG - Dual_Lstm_Attn: epoch num: 
DEBUG - 42
DEBUG - Dual_Lstm_Attn: epoch num: 
DEBUG - 43
DEBUG - Dual_Lstm_Attn: epoch num: 
DEBUG - 44
DEBUG - Dual_Lstm_Attn: epoch num: 
DEBUG - 45
DEBUG - Dual_Lstm_Attn: epoch num: 
DEBUG - 46
DEBUG - Dual_Lstm_Attn: epoch num: 
DEBUG - 47
DEBUG - Dual_Lstm_Attn: epoch num: 
DEBUG - 48
DEBUG - Dual_Lstm_Attn: epoch num: 
DEBUG - 49
DEBUG - Dual_Lstm_Attn: epoch num: 
DEBUG - 50
INFO - Epoch 50, loss: 0.000.
DEBUG - Dual_Lstm_Attn: epoch num: 
DEBUG - 51
DEBUG - Dual_Lstm_Attn: epoch num: 
DEBUG - 52
DEBUG - Dual_Lstm_Attn: epoch num: 
DEBUG - 53
DEBUG - Dual_Lstm_Attn: epoch num: 
DEBUG - 54
DEBUG - Dual_Lstm_Attn: epoch num: 
DEBUG - 55
DEBUG - Dual_Lstm_Attn: epoch num: 
DEBUG - 56
DEBUG - Dual_Lstm_Attn: epoch num: 
DEBUG - 57
DEBUG - Dual_Lstm_Attn: epoch num: 
DEBUG - 58
DEBUG - Dual_Lstm_Attn: epoch num: 
DEBUG - 59
DEBUG - Dual_Lstm_Attn: epoch num: 
DEBUG - 60
INFO - Epoch 60, loss: 0.000.
DEBUG - Dual_Lstm_Attn: epoch num: 
DEBUG - 61
DEBUG - Dual_Lstm_Attn: epoch num: 
DEBUG - 62
DEBUG - Dual_Lstm_Attn: epoch num: 
DEBUG - 63
DEBUG - Dual_Lstm_Attn: epoch num: 
DEBUG - 64
DEBUG - Dual_Lstm_Attn: epoch num: 
DEBUG - 65
DEBUG - Dual_Lstm_Attn: epoch num: 
DEBUG - 66
DEBUG - Dual_Lstm_Attn: epoch num: 
DEBUG - 67
DEBUG - Dual_Lstm_Attn: epoch num: 
DEBUG - 68
DEBUG - Dual_Lstm_Attn: epoch num: 
DEBUG - 69
DEBUG - Dual_Lstm_Attn: epoch num: 
DEBUG - 70
INFO - Epoch 70, loss: 0.000.
DEBUG - Dual_Lstm_Attn: epoch num: 
DEBUG - 71
DEBUG - Dual_Lstm_Attn: epoch num: 
DEBUG - 72
DEBUG - Dual_Lstm_Attn: epoch num: 
DEBUG - 73
DEBUG - Dual_Lstm_Attn: epoch num: 
DEBUG - 74
DEBUG - Dual_Lstm_Attn: epoch num: 
DEBUG - 75
DEBUG - Dual_Lstm_Attn: epoch num: 
DEBUG - 76
DEBUG - Dual_Lstm_Attn: epoch num: 
DEBUG - 77
DEBUG - Dual_Lstm_Attn: epoch num: 
DEBUG - 78
DEBUG - Dual_Lstm_Attn: epoch num: 
DEBUG - 79
DEBUG - Dual_Lstm_Attn: epoch num: 
DEBUG - 80
INFO - Epoch 80, loss: 0.000.
DEBUG - Dual_Lstm_Attn: epoch num: 
DEBUG - 81
DEBUG - Dual_Lstm_Attn: epoch num: 
DEBUG - 82
DEBUG - Dual_Lstm_Attn: epoch num: 
DEBUG - 83
DEBUG - Dual_Lstm_Attn: epoch num: 
DEBUG - 84
DEBUG - Dual_Lstm_Attn: epoch num: 
DEBUG - 85
DEBUG - Dual_Lstm_Attn: epoch num: 
DEBUG - 86
DEBUG - Dual_Lstm_Attn: epoch num: 
DEBUG - 87
DEBUG - Dual_Lstm_Attn: epoch num: 
DEBUG - 88
DEBUG - Dual_Lstm_Attn: epoch num: 
DEBUG - 89
DEBUG - Dual_Lstm_Attn: epoch num: 
DEBUG - 90
INFO - Epoch 90, loss: 0.000.
DEBUG - Dual_Lstm_Attn: epoch num: 
DEBUG - 91
DEBUG - Dual_Lstm_Attn: epoch num: 
DEBUG - 92
DEBUG - Dual_Lstm_Attn: epoch num: 
DEBUG - 93
DEBUG - Dual_Lstm_Attn: epoch num: 
DEBUG - 94
DEBUG - Dual_Lstm_Attn: epoch num: 
DEBUG - 95
DEBUG - Dual_Lstm_Attn: epoch num: 
DEBUG - 96
DEBUG - Dual_Lstm_Attn: epoch num: 
DEBUG - 97
DEBUG - Dual_Lstm_Attn: epoch num: 
DEBUG - 98
DEBUG - Dual_Lstm_Attn: epoch num: 
DEBUG - 99
DEBUG - Dual_Lstm_Attn: epoch num: 
DEBUG - 100
INFO - Epoch 100, loss: 0.000.
DEBUG - Dual_Lstm_Attn: epoch num: 
DEBUG - 101
DEBUG - Dual_Lstm_Attn: epoch num: 
DEBUG - 102
DEBUG - Dual_Lstm_Attn: epoch num: 
DEBUG - 103
DEBUG - Dual_Lstm_Attn: epoch num: 
DEBUG - 104
DEBUG - Dual_Lstm_Attn: epoch num: 
DEBUG - 105
DEBUG - Dual_Lstm_Attn: epoch num: 
DEBUG - 106
DEBUG - Dual_Lstm_Attn: epoch num: 
DEBUG - 107
DEBUG - Dual_Lstm_Attn: epoch num: 
DEBUG - 108
DEBUG - Dual_Lstm_Attn: epoch num: 
DEBUG - 109
DEBUG - Dual_Lstm_Attn: epoch num: 
DEBUG - 110
INFO - Epoch 110, loss: 0.000.
DEBUG - Dual_Lstm_Attn: epoch num: 
DEBUG - 111
DEBUG - Dual_Lstm_Attn: epoch num: 
DEBUG - 112
DEBUG - Dual_Lstm_Attn: epoch num: 
DEBUG - 113
DEBUG - Dual_Lstm_Attn: epoch num: 
DEBUG - 114
DEBUG - Dual_Lstm_Attn: epoch num: 
DEBUG - 115
DEBUG - Dual_Lstm_Attn: epoch num: 
DEBUG - 116
DEBUG - Dual_Lstm_Attn: epoch num: 
DEBUG - 117
DEBUG - Dual_Lstm_Attn: epoch num: 
DEBUG - 118
DEBUG - Dual_Lstm_Attn: epoch num: 
DEBUG - 119
DEBUG - Dual_Lstm_Attn: epoch num: 
DEBUG - 120
INFO - Epoch 120, loss: 0.000.
DEBUG - Dual_Lstm_Attn: epoch num: 
DEBUG - 121
DEBUG - Dual_Lstm_Attn: epoch num: 
DEBUG - 122
DEBUG - Dual_Lstm_Attn: epoch num: 
DEBUG - 123
DEBUG - Dual_Lstm_Attn: epoch num: 
DEBUG - 124
DEBUG - Dual_Lstm_Attn: epoch num: 
DEBUG - 125
DEBUG - Dual_Lstm_Attn: epoch num: 
DEBUG - 126
DEBUG - Dual_Lstm_Attn: epoch num: 
DEBUG - 127
DEBUG - Dual_Lstm_Attn: epoch num: 
DEBUG - 128
DEBUG - Dual_Lstm_Attn: epoch num: 
DEBUG - 129
DEBUG - Dual_Lstm_Attn: epoch num: 
DEBUG - 130
INFO - Epoch 130, loss: 0.000.
DEBUG - Dual_Lstm_Attn: epoch num: 
DEBUG - 131
DEBUG - Dual_Lstm_Attn: epoch num: 
DEBUG - 132
DEBUG - Dual_Lstm_Attn: epoch num: 
DEBUG - 133
DEBUG - Dual_Lstm_Attn: epoch num: 
DEBUG - 134
DEBUG - Dual_Lstm_Attn: epoch num: 
DEBUG - 135
DEBUG - Dual_Lstm_Attn: epoch num: 
DEBUG - 136
DEBUG - Dual_Lstm_Attn: epoch num: 
DEBUG - 137
DEBUG - Dual_Lstm_Attn: epoch num: 
DEBUG - 138
DEBUG - Dual_Lstm_Attn: epoch num: 
DEBUG - 139
DEBUG - Dual_Lstm_Attn: epoch num: 
DEBUG - 140
INFO - Epoch 140, loss: 0.000.
DEBUG - Dual_Lstm_Attn: epoch num: 
DEBUG - 141
DEBUG - Dual_Lstm_Attn: epoch num: 
DEBUG - 142
DEBUG - Dual_Lstm_Attn: epoch num: 
DEBUG - 143
DEBUG - Dual_Lstm_Attn: epoch num: 
DEBUG - 144
DEBUG - Dual_Lstm_Attn: epoch num: 
DEBUG - 145
DEBUG - Dual_Lstm_Attn: epoch num: 
DEBUG - 146
DEBUG - Dual_Lstm_Attn: epoch num: 
DEBUG - 147
DEBUG - Dual_Lstm_Attn: epoch num: 
DEBUG - 148
DEBUG - Dual_Lstm_Attn: epoch num: 
DEBUG - 149
DEBUG - Dual_Lstm_Attn: epoch num: 
DEBUG - 150
INFO - Epoch 150, loss: 0.000.
DEBUG - Dual_Lstm_Attn: epoch num: 
DEBUG - 151
DEBUG - Dual_Lstm_Attn: epoch num: 
DEBUG - 152
DEBUG - Dual_Lstm_Attn: epoch num: 
DEBUG - 153
DEBUG - Dual_Lstm_Attn: epoch num: 
DEBUG - 154
DEBUG - Dual_Lstm_Attn: epoch num: 
DEBUG - 155
DEBUG - Dual_Lstm_Attn: epoch num: 
DEBUG - 156
DEBUG - Dual_Lstm_Attn: epoch num: 
DEBUG - 157
DEBUG - Dual_Lstm_Attn: epoch num: 
DEBUG - 158
DEBUG - Dual_Lstm_Attn: epoch num: 
DEBUG - 159
DEBUG - Dual_Lstm_Attn: epoch num: 
DEBUG - 160
INFO - Epoch 160, loss: 0.000.
DEBUG - Dual_Lstm_Attn: epoch num: 
DEBUG - 161
DEBUG - Dual_Lstm_Attn: epoch num: 
DEBUG - 162
DEBUG - Dual_Lstm_Attn: epoch num: 
DEBUG - 163
DEBUG - Dual_Lstm_Attn: epoch num: 
DEBUG - 164
DEBUG - Dual_Lstm_Attn: epoch num: 
DEBUG - 165
DEBUG - Dual_Lstm_Attn: epoch num: 
DEBUG - 166
DEBUG - Dual_Lstm_Attn: epoch num: 
DEBUG - 167
DEBUG - Dual_Lstm_Attn: epoch num: 
DEBUG - 168
DEBUG - Dual_Lstm_Attn: epoch num: 
DEBUG - 169
DEBUG - Dual_Lstm_Attn: epoch num: 
DEBUG - 170
INFO - Epoch 170, loss: 0.000.
DEBUG - Dual_Lstm_Attn: epoch num: 
DEBUG - 171
DEBUG - Dual_Lstm_Attn: epoch num: 
DEBUG - 172
DEBUG - Dual_Lstm_Attn: epoch num: 
DEBUG - 173
DEBUG - Dual_Lstm_Attn: epoch num: 
DEBUG - 174
DEBUG - Dual_Lstm_Attn: epoch num: 
DEBUG - 175
DEBUG - Dual_Lstm_Attn: epoch num: 
DEBUG - 176
DEBUG - Dual_Lstm_Attn: epoch num: 
DEBUG - 177
DEBUG - Dual_Lstm_Attn: epoch num: 
DEBUG - 178
DEBUG - Dual_Lstm_Attn: epoch num: 
DEBUG - 179
DEBUG - Dual_Lstm_Attn: epoch num: 
DEBUG - 180
INFO - Epoch 180, loss: 0.000.
DEBUG - Dual_Lstm_Attn: epoch num: 
DEBUG - 181
DEBUG - Dual_Lstm_Attn: epoch num: 
DEBUG - 182
DEBUG - Dual_Lstm_Attn: epoch num: 
DEBUG - 183
DEBUG - Dual_Lstm_Attn: epoch num: 
DEBUG - 184
DEBUG - Dual_Lstm_Attn: epoch num: 
DEBUG - 185
DEBUG - Dual_Lstm_Attn: epoch num: 
DEBUG - 186
DEBUG - Dual_Lstm_Attn: epoch num: 
DEBUG - 187
DEBUG - Dual_Lstm_Attn: epoch num: 
DEBUG - 188
DEBUG - Dual_Lstm_Attn: epoch num: 
DEBUG - 189
DEBUG - Dual_Lstm_Attn: epoch num: 
DEBUG - 190
INFO - Epoch 190, loss: 0.000.
DEBUG - Dual_Lstm_Attn: epoch num: 
DEBUG - 191
DEBUG - Dual_Lstm_Attn: epoch num: 
DEBUG - 192
DEBUG - Dual_Lstm_Attn: epoch num: 
DEBUG - 193
DEBUG - Dual_Lstm_Attn: epoch num: 
DEBUG - 194
DEBUG - Dual_Lstm_Attn: epoch num: 
DEBUG - 195
DEBUG - Dual_Lstm_Attn: epoch num: 
DEBUG - 196
DEBUG - Dual_Lstm_Attn: epoch num: 
DEBUG - 197
DEBUG - Dual_Lstm_Attn: epoch num: 
DEBUG - 198
DEBUG - Dual_Lstm_Attn: epoch num: 
DEBUG - 199
DEBUG - Dual_Lstm_Attn: epoch num: 
DEBUG - 200
INFO - Epoch 200, loss: 0.000.
DEBUG - Dual_Lstm_Attn: epoch num: 
DEBUG - 201
DEBUG - Dual_Lstm_Attn: epoch num: 
DEBUG - 202
DEBUG - Dual_Lstm_Attn: epoch num: 
DEBUG - 203
DEBUG - Dual_Lstm_Attn: epoch num: 
DEBUG - 204
DEBUG - Dual_Lstm_Attn: epoch num: 
DEBUG - 205
DEBUG - Dual_Lstm_Attn: epoch num: 
DEBUG - 206
DEBUG - Dual_Lstm_Attn: epoch num: 
DEBUG - 207
DEBUG - Dual_Lstm_Attn: epoch num: 
DEBUG - 208
DEBUG - Dual_Lstm_Attn: epoch num: 
DEBUG - 209
DEBUG - Dual_Lstm_Attn: epoch num: 
DEBUG - 210
INFO - Epoch 210, loss: 0.000.
DEBUG - Dual_Lstm_Attn: epoch num: 
DEBUG - 211
DEBUG - Dual_Lstm_Attn: epoch num: 
DEBUG - 212
DEBUG - Dual_Lstm_Attn: epoch num: 
DEBUG - 213
DEBUG - Dual_Lstm_Attn: epoch num: 
DEBUG - 214
DEBUG - Dual_Lstm_Attn: epoch num: 
DEBUG - 215
DEBUG - Dual_Lstm_Attn: epoch num: 
DEBUG - 216
DEBUG - Dual_Lstm_Attn: epoch num: 
DEBUG - 217
DEBUG - Dual_Lstm_Attn: epoch num: 
DEBUG - 218
DEBUG - Dual_Lstm_Attn: epoch num: 
DEBUG - 219
DEBUG - Dual_Lstm_Attn: epoch num: 
DEBUG - 220
INFO - Epoch 220, loss: 0.000.
DEBUG - Dual_Lstm_Attn: epoch num: 
DEBUG - 221
DEBUG - Dual_Lstm_Attn: epoch num: 
DEBUG - 222
DEBUG - Dual_Lstm_Attn: epoch num: 
DEBUG - 223
DEBUG - Dual_Lstm_Attn: epoch num: 
DEBUG - 224
DEBUG - Dual_Lstm_Attn: epoch num: 
DEBUG - 225
DEBUG - Dual_Lstm_Attn: epoch num: 
DEBUG - 226
DEBUG - Dual_Lstm_Attn: epoch num: 
DEBUG - 227
DEBUG - Dual_Lstm_Attn: epoch num: 
DEBUG - 228
DEBUG - Dual_Lstm_Attn: epoch num: 
DEBUG - 229
DEBUG - Dual_Lstm_Attn: epoch num: 
DEBUG - 230
INFO - Epoch 230, loss: 0.000.
DEBUG - Dual_Lstm_Attn: epoch num: 
DEBUG - 231
DEBUG - Dual_Lstm_Attn: epoch num: 
DEBUG - 232
DEBUG - Dual_Lstm_Attn: epoch num: 
DEBUG - 233
DEBUG - Dual_Lstm_Attn: epoch num: 
DEBUG - 234
DEBUG - Dual_Lstm_Attn: epoch num: 
DEBUG - 235
DEBUG - Dual_Lstm_Attn: epoch num: 
DEBUG - 236
DEBUG - Dual_Lstm_Attn: epoch num: 
DEBUG - 237
DEBUG - Dual_Lstm_Attn: epoch num: 
DEBUG - 238
DEBUG - Dual_Lstm_Attn: epoch num: 
DEBUG - 239
DEBUG - Dual_Lstm_Attn: epoch num: 
DEBUG - 240
INFO - Epoch 240, loss: 0.000.
DEBUG - Dual_Lstm_Attn: epoch num: 
DEBUG - 241
DEBUG - Dual_Lstm_Attn: epoch num: 
DEBUG - 242
DEBUG - Dual_Lstm_Attn: epoch num: 
DEBUG - 243
DEBUG - Dual_Lstm_Attn: epoch num: 
DEBUG - 244
DEBUG - Dual_Lstm_Attn: epoch num: 
DEBUG - 245
DEBUG - Dual_Lstm_Attn: epoch num: 
DEBUG - 246
DEBUG - Dual_Lstm_Attn: epoch num: 
DEBUG - 247
DEBUG - Dual_Lstm_Attn: epoch num: 
DEBUG - 248
DEBUG - Dual_Lstm_Attn: epoch num: 
DEBUG - 249
DEBUG - Dual_Lstm_Attn: epoch num: 
DEBUG - 250
INFO - Epoch 250, loss: 0.000.
DEBUG - Dual_Lstm_Attn: epoch num: 
DEBUG - 251
DEBUG - Dual_Lstm_Attn: epoch num: 
DEBUG - 252
DEBUG - Dual_Lstm_Attn: epoch num: 
DEBUG - 253
DEBUG - Dual_Lstm_Attn: epoch num: 
DEBUG - 254
DEBUG - Dual_Lstm_Attn: epoch num: 
DEBUG - 255
DEBUG - Dual_Lstm_Attn: epoch num: 
DEBUG - 256
DEBUG - Dual_Lstm_Attn: epoch num: 
DEBUG - 257
DEBUG - Dual_Lstm_Attn: epoch num: 
DEBUG - 258
DEBUG - Dual_Lstm_Attn: epoch num: 
DEBUG - 259
DEBUG - Dual_Lstm_Attn: epoch num: 
DEBUG - 260
INFO - Epoch 260, loss: 0.000.
DEBUG - Dual_Lstm_Attn: epoch num: 
DEBUG - 261
DEBUG - Dual_Lstm_Attn: epoch num: 
DEBUG - 262
DEBUG - Dual_Lstm_Attn: epoch num: 
DEBUG - 263
DEBUG - Dual_Lstm_Attn: epoch num: 
DEBUG - 264
DEBUG - Dual_Lstm_Attn: epoch num: 
DEBUG - 265
DEBUG - Dual_Lstm_Attn: epoch num: 
DEBUG - 266
DEBUG - Dual_Lstm_Attn: epoch num: 
DEBUG - 267
DEBUG - Dual_Lstm_Attn: epoch num: 
DEBUG - 268
DEBUG - Dual_Lstm_Attn: epoch num: 
DEBUG - 269
DEBUG - Dual_Lstm_Attn: epoch num: 
DEBUG - 270
INFO - Epoch 270, loss: 0.000.
DEBUG - Dual_Lstm_Attn: epoch num: 
DEBUG - 271
DEBUG - Dual_Lstm_Attn: epoch num: 
DEBUG - 272
DEBUG - Dual_Lstm_Attn: epoch num: 
DEBUG - 273
DEBUG - Dual_Lstm_Attn: epoch num: 
DEBUG - 274
DEBUG - Dual_Lstm_Attn: epoch num: 
DEBUG - 275
DEBUG - Dual_Lstm_Attn: epoch num: 
DEBUG - 276
DEBUG - Dual_Lstm_Attn: epoch num: 
DEBUG - 277
DEBUG - Dual_Lstm_Attn: epoch num: 
DEBUG - 278
DEBUG - Dual_Lstm_Attn: epoch num: 
DEBUG - 279
DEBUG - Dual_Lstm_Attn: epoch num: 
DEBUG - 280
INFO - Epoch 280, loss: 0.000.
DEBUG - Dual_Lstm_Attn: epoch num: 
DEBUG - 281
DEBUG - Dual_Lstm_Attn: epoch num: 
DEBUG - 282
DEBUG - Dual_Lstm_Attn: epoch num: 
DEBUG - 283
DEBUG - Dual_Lstm_Attn: epoch num: 
DEBUG - 284
DEBUG - Dual_Lstm_Attn: epoch num: 
DEBUG - 285
DEBUG - Dual_Lstm_Attn: epoch num: 
DEBUG - 286
DEBUG - Dual_Lstm_Attn: epoch num: 
DEBUG - 287
DEBUG - Dual_Lstm_Attn: epoch num: 
DEBUG - 288
DEBUG - Dual_Lstm_Attn: epoch num: 
DEBUG - 289
DEBUG - Dual_Lstm_Attn: epoch num: 
DEBUG - 290
INFO - Epoch 290, loss: 0.000.
DEBUG - Dual_Lstm_Attn: epoch num: 
DEBUG - 291
DEBUG - Dual_Lstm_Attn: epoch num: 
DEBUG - 292
DEBUG - Dual_Lstm_Attn: epoch num: 
DEBUG - 293
DEBUG - Dual_Lstm_Attn: epoch num: 
DEBUG - 294
DEBUG - Dual_Lstm_Attn: epoch num: 
DEBUG - 295
DEBUG - Dual_Lstm_Attn: epoch num: 
DEBUG - 296
DEBUG - Dual_Lstm_Attn: epoch num: 
DEBUG - 297
DEBUG - Dual_Lstm_Attn: epoch num: 
DEBUG - 298
DEBUG - Dual_Lstm_Attn: epoch num: 
DEBUG - 299
DEBUG - Dual_Lstm_Attn: epoch num: 
DEBUG - 300
INFO - Epoch 300, loss: 0.000.
DEBUG - Dual_Lstm_Attn: epoch num: 
DEBUG - 301
DEBUG - Dual_Lstm_Attn: epoch num: 
DEBUG - 302
DEBUG - Dual_Lstm_Attn: epoch num: 
DEBUG - 303
DEBUG - Dual_Lstm_Attn: epoch num: 
DEBUG - 304
DEBUG - Dual_Lstm_Attn: epoch num: 
DEBUG - 305
DEBUG - Dual_Lstm_Attn: epoch num: 
DEBUG - 306
DEBUG - Dual_Lstm_Attn: epoch num: 
DEBUG - 307
DEBUG - Dual_Lstm_Attn: epoch num: 
DEBUG - 308
DEBUG - Dual_Lstm_Attn: epoch num: 
DEBUG - 309
DEBUG - Dual_Lstm_Attn: epoch num: 
DEBUG - 310
INFO - Epoch 310, loss: 0.000.
DEBUG - Dual_Lstm_Attn: epoch num: 
DEBUG - 311
DEBUG - Dual_Lstm_Attn: epoch num: 
DEBUG - 312
DEBUG - Dual_Lstm_Attn: epoch num: 
DEBUG - 313
DEBUG - Dual_Lstm_Attn: epoch num: 
DEBUG - 314
DEBUG - Dual_Lstm_Attn: epoch num: 
DEBUG - 315
DEBUG - Dual_Lstm_Attn: epoch num: 
DEBUG - 316
DEBUG - Dual_Lstm_Attn: epoch num: 
DEBUG - 317
DEBUG - Dual_Lstm_Attn: epoch num: 
DEBUG - 318
DEBUG - Dual_Lstm_Attn: epoch num: 
DEBUG - 319
DEBUG - Dual_Lstm_Attn: epoch num: 
DEBUG - 320
INFO - Epoch 320, loss: 0.000.
DEBUG - Dual_Lstm_Attn: epoch num: 
DEBUG - 321
DEBUG - Dual_Lstm_Attn: epoch num: 
DEBUG - 322
DEBUG - Dual_Lstm_Attn: epoch num: 
DEBUG - 323
DEBUG - Dual_Lstm_Attn: epoch num: 
DEBUG - 324
DEBUG - Dual_Lstm_Attn: epoch num: 
DEBUG - 325
DEBUG - Dual_Lstm_Attn: epoch num: 
DEBUG - 326
DEBUG - Dual_Lstm_Attn: epoch num: 
DEBUG - 327
DEBUG - Dual_Lstm_Attn: epoch num: 
DEBUG - 328
DEBUG - Dual_Lstm_Attn: epoch num: 
DEBUG - 329
DEBUG - Dual_Lstm_Attn: epoch num: 
DEBUG - 330
INFO - Epoch 330, loss: 0.000.
DEBUG - Dual_Lstm_Attn: epoch num: 
DEBUG - 331
DEBUG - Dual_Lstm_Attn: epoch num: 
DEBUG - 332
DEBUG - Dual_Lstm_Attn: epoch num: 
DEBUG - 333
DEBUG - Dual_Lstm_Attn: epoch num: 
DEBUG - 334
DEBUG - Dual_Lstm_Attn: epoch num: 
DEBUG - 335
DEBUG - Dual_Lstm_Attn: epoch num: 
DEBUG - 336
DEBUG - Dual_Lstm_Attn: epoch num: 
DEBUG - 337
DEBUG - Dual_Lstm_Attn: epoch num: 
DEBUG - 338
DEBUG - Dual_Lstm_Attn: epoch num: 
DEBUG - 339
DEBUG - Dual_Lstm_Attn: epoch num: 
DEBUG - 340
INFO - Epoch 340, loss: 0.000.
DEBUG - Dual_Lstm_Attn: epoch num: 
DEBUG - 341
DEBUG - Dual_Lstm_Attn: epoch num: 
DEBUG - 342
DEBUG - Dual_Lstm_Attn: epoch num: 
DEBUG - 343
DEBUG - Dual_Lstm_Attn: epoch num: 
DEBUG - 344
DEBUG - Dual_Lstm_Attn: epoch num: 
DEBUG - 345
DEBUG - Dual_Lstm_Attn: epoch num: 
DEBUG - 346
DEBUG - Dual_Lstm_Attn: epoch num: 
DEBUG - 347
DEBUG - Dual_Lstm_Attn: epoch num: 
DEBUG - 348
DEBUG - Dual_Lstm_Attn: epoch num: 
DEBUG - 349
DEBUG - Dual_Lstm_Attn: epoch num: 
DEBUG - 350
INFO - Epoch 350, loss: 0.000.
DEBUG - Dual_Lstm_Attn: epoch num: 
DEBUG - 351
DEBUG - Dual_Lstm_Attn: epoch num: 
DEBUG - 352
DEBUG - Dual_Lstm_Attn: epoch num: 
DEBUG - 353
DEBUG - Dual_Lstm_Attn: epoch num: 
DEBUG - 354
DEBUG - Dual_Lstm_Attn: epoch num: 
DEBUG - 355
DEBUG - Dual_Lstm_Attn: epoch num: 
DEBUG - 356
DEBUG - Dual_Lstm_Attn: epoch num: 
DEBUG - 357
DEBUG - Dual_Lstm_Attn: epoch num: 
DEBUG - 358
DEBUG - Dual_Lstm_Attn: epoch num: 
DEBUG - 359
DEBUG - Dual_Lstm_Attn: epoch num: 
DEBUG - 360
INFO - Epoch 360, loss: 0.000.
DEBUG - Dual_Lstm_Attn: epoch num: 
DEBUG - 361
DEBUG - Dual_Lstm_Attn: epoch num: 
DEBUG - 362
DEBUG - Dual_Lstm_Attn: epoch num: 
DEBUG - 363
DEBUG - Dual_Lstm_Attn: epoch num: 
DEBUG - 364
DEBUG - Dual_Lstm_Attn: epoch num: 
DEBUG - 365
DEBUG - Dual_Lstm_Attn: epoch num: 
DEBUG - 366
DEBUG - Dual_Lstm_Attn: epoch num: 
DEBUG - 367
DEBUG - Dual_Lstm_Attn: epoch num: 
DEBUG - 368
DEBUG - Dual_Lstm_Attn: epoch num: 
DEBUG - 369
DEBUG - Dual_Lstm_Attn: epoch num: 
DEBUG - 370
INFO - Epoch 370, loss: 0.000.
DEBUG - Dual_Lstm_Attn: epoch num: 
DEBUG - 371
DEBUG - Dual_Lstm_Attn: epoch num: 
DEBUG - 372
DEBUG - Dual_Lstm_Attn: epoch num: 
DEBUG - 373
DEBUG - Dual_Lstm_Attn: epoch num: 
DEBUG - 374
DEBUG - Dual_Lstm_Attn: epoch num: 
DEBUG - 375
DEBUG - Dual_Lstm_Attn: epoch num: 
DEBUG - 376
DEBUG - Dual_Lstm_Attn: epoch num: 
DEBUG - 377
DEBUG - Dual_Lstm_Attn: epoch num: 
DEBUG - 378
DEBUG - Dual_Lstm_Attn: epoch num: 
DEBUG - 379
DEBUG - Dual_Lstm_Attn: epoch num: 
DEBUG - 380
INFO - Epoch 380, loss: 0.000.
DEBUG - Dual_Lstm_Attn: epoch num: 
DEBUG - 381
DEBUG - Dual_Lstm_Attn: epoch num: 
DEBUG - 382
DEBUG - Dual_Lstm_Attn: epoch num: 
DEBUG - 383
DEBUG - Dual_Lstm_Attn: epoch num: 
DEBUG - 384
DEBUG - Dual_Lstm_Attn: epoch num: 
DEBUG - 385
DEBUG - Dual_Lstm_Attn: epoch num: 
DEBUG - 386
DEBUG - Dual_Lstm_Attn: epoch num: 
DEBUG - 387
DEBUG - Dual_Lstm_Attn: epoch num: 
DEBUG - 388
DEBUG - Dual_Lstm_Attn: epoch num: 
DEBUG - 389
DEBUG - Dual_Lstm_Attn: epoch num: 
DEBUG - 390
INFO - Epoch 390, loss: 0.000.
DEBUG - Dual_Lstm_Attn: epoch num: 
DEBUG - 391
DEBUG - Dual_Lstm_Attn: epoch num: 
DEBUG - 392
DEBUG - Dual_Lstm_Attn: epoch num: 
DEBUG - 393
DEBUG - Dual_Lstm_Attn: epoch num: 
DEBUG - 394
DEBUG - Dual_Lstm_Attn: epoch num: 
DEBUG - 395
DEBUG - Dual_Lstm_Attn: epoch num: 
DEBUG - 396
DEBUG - Dual_Lstm_Attn: epoch num: 
DEBUG - 397
DEBUG - Dual_Lstm_Attn: epoch num: 
DEBUG - 398
DEBUG - Dual_Lstm_Attn: epoch num: 
DEBUG - 399
DEBUG - Dual_Lstm_Attn: epoch num: 
DEBUG - 400
INFO - Epoch 400, loss: 0.000.
DEBUG - Dual_Lstm_Attn: epoch num: 
DEBUG - 401
DEBUG - Dual_Lstm_Attn: epoch num: 
DEBUG - 402
DEBUG - Dual_Lstm_Attn: epoch num: 
DEBUG - 403
DEBUG - Dual_Lstm_Attn: epoch num: 
DEBUG - 404
DEBUG - Dual_Lstm_Attn: epoch num: 
DEBUG - 405
DEBUG - Dual_Lstm_Attn: epoch num: 
DEBUG - 406
DEBUG - Dual_Lstm_Attn: epoch num: 
DEBUG - 407
DEBUG - Dual_Lstm_Attn: epoch num: 
DEBUG - 408
DEBUG - Dual_Lstm_Attn: epoch num: 
DEBUG - 409
DEBUG - Dual_Lstm_Attn: epoch num: 
DEBUG - 410
INFO - Epoch 410, loss: 0.000.
DEBUG - Dual_Lstm_Attn: epoch num: 
DEBUG - 411
DEBUG - Dual_Lstm_Attn: epoch num: 
DEBUG - 412
DEBUG - Dual_Lstm_Attn: epoch num: 
DEBUG - 413
DEBUG - Dual_Lstm_Attn: epoch num: 
DEBUG - 414
DEBUG - Dual_Lstm_Attn: epoch num: 
DEBUG - 415
DEBUG - Dual_Lstm_Attn: epoch num: 
DEBUG - 416
DEBUG - Dual_Lstm_Attn: epoch num: 
DEBUG - 417
DEBUG - Dual_Lstm_Attn: epoch num: 
DEBUG - 418
DEBUG - Dual_Lstm_Attn: epoch num: 
DEBUG - 419
DEBUG - Dual_Lstm_Attn: epoch num: 
DEBUG - 420
INFO - Epoch 420, loss: 0.000.
DEBUG - Dual_Lstm_Attn: epoch num: 
DEBUG - 421
DEBUG - Dual_Lstm_Attn: epoch num: 
DEBUG - 422
DEBUG - Dual_Lstm_Attn: epoch num: 
DEBUG - 423
DEBUG - Dual_Lstm_Attn: epoch num: 
DEBUG - 424
DEBUG - Dual_Lstm_Attn: epoch num: 
DEBUG - 425
DEBUG - Dual_Lstm_Attn: epoch num: 
DEBUG - 426
DEBUG - Dual_Lstm_Attn: epoch num: 
DEBUG - 427
DEBUG - Dual_Lstm_Attn: epoch num: 
DEBUG - 428
DEBUG - Dual_Lstm_Attn: epoch num: 
DEBUG - 429
DEBUG - Dual_Lstm_Attn: epoch num: 
DEBUG - 430
INFO - Epoch 430, loss: 0.000.
DEBUG - Dual_Lstm_Attn: epoch num: 
DEBUG - 431
DEBUG - Dual_Lstm_Attn: epoch num: 
DEBUG - 432
DEBUG - Dual_Lstm_Attn: epoch num: 
DEBUG - 433
DEBUG - Dual_Lstm_Attn: epoch num: 
DEBUG - 434
DEBUG - Dual_Lstm_Attn: epoch num: 
DEBUG - 435
DEBUG - Dual_Lstm_Attn: epoch num: 
DEBUG - 436
DEBUG - Dual_Lstm_Attn: epoch num: 
DEBUG - 437
DEBUG - Dual_Lstm_Attn: epoch num: 
DEBUG - 438
DEBUG - Dual_Lstm_Attn: epoch num: 
DEBUG - 439
DEBUG - Dual_Lstm_Attn: epoch num: 
DEBUG - 440
INFO - Epoch 440, loss: 0.000.
DEBUG - Dual_Lstm_Attn: epoch num: 
DEBUG - 441
DEBUG - Dual_Lstm_Attn: epoch num: 
DEBUG - 442
DEBUG - Dual_Lstm_Attn: epoch num: 
DEBUG - 443
DEBUG - Dual_Lstm_Attn: epoch num: 
DEBUG - 444
DEBUG - Dual_Lstm_Attn: epoch num: 
DEBUG - 445
DEBUG - Dual_Lstm_Attn: epoch num: 
DEBUG - 446
DEBUG - Dual_Lstm_Attn: epoch num: 
DEBUG - 447
DEBUG - Dual_Lstm_Attn: epoch num: 
DEBUG - 448
DEBUG - Dual_Lstm_Attn: epoch num: 
DEBUG - 449
DEBUG - Dual_Lstm_Attn: epoch num: 
DEBUG - 450
INFO - Epoch 450, loss: 0.000.
DEBUG - Dual_Lstm_Attn: epoch num: 
DEBUG - 451
DEBUG - Dual_Lstm_Attn: epoch num: 
DEBUG - 452
DEBUG - Dual_Lstm_Attn: epoch num: 
DEBUG - 453
DEBUG - Dual_Lstm_Attn: epoch num: 
DEBUG - 454
DEBUG - Dual_Lstm_Attn: epoch num: 
DEBUG - 455
DEBUG - Dual_Lstm_Attn: epoch num: 
DEBUG - 456
DEBUG - Dual_Lstm_Attn: epoch num: 
DEBUG - 457
DEBUG - Dual_Lstm_Attn: epoch num: 
DEBUG - 458
DEBUG - Dual_Lstm_Attn: epoch num: 
DEBUG - 459
DEBUG - Dual_Lstm_Attn: epoch num: 
DEBUG - 460
INFO - Epoch 460, loss: 0.000.
DEBUG - Dual_Lstm_Attn: epoch num: 
DEBUG - 461
DEBUG - Dual_Lstm_Attn: epoch num: 
DEBUG - 462
DEBUG - Dual_Lstm_Attn: epoch num: 
DEBUG - 463
DEBUG - Dual_Lstm_Attn: epoch num: 
DEBUG - 464
DEBUG - Dual_Lstm_Attn: epoch num: 
DEBUG - 465
DEBUG - Dual_Lstm_Attn: epoch num: 
DEBUG - 466
DEBUG - Dual_Lstm_Attn: epoch num: 
DEBUG - 467
DEBUG - Dual_Lstm_Attn: epoch num: 
DEBUG - 468
DEBUG - Dual_Lstm_Attn: epoch num: 
DEBUG - 469
DEBUG - Dual_Lstm_Attn: epoch num: 
DEBUG - 470
INFO - Epoch 470, loss: 0.000.
DEBUG - Dual_Lstm_Attn: epoch num: 
DEBUG - 471
DEBUG - Dual_Lstm_Attn: epoch num: 
DEBUG - 472
DEBUG - Dual_Lstm_Attn: epoch num: 
DEBUG - 473
DEBUG - Dual_Lstm_Attn: epoch num: 
DEBUG - 474
DEBUG - Dual_Lstm_Attn: epoch num: 
DEBUG - 475
DEBUG - Dual_Lstm_Attn: epoch num: 
DEBUG - 476
DEBUG - Dual_Lstm_Attn: epoch num: 
DEBUG - 477
DEBUG - Dual_Lstm_Attn: epoch num: 
DEBUG - 478
DEBUG - Dual_Lstm_Attn: epoch num: 
DEBUG - 479
DEBUG - Dual_Lstm_Attn: epoch num: 
DEBUG - 480
INFO - Epoch 480, loss: 0.000.
DEBUG - Dual_Lstm_Attn: epoch num: 
DEBUG - 481
DEBUG - Dual_Lstm_Attn: epoch num: 
DEBUG - 482
DEBUG - Dual_Lstm_Attn: epoch num: 
DEBUG - 483
DEBUG - Dual_Lstm_Attn: epoch num: 
DEBUG - 484
DEBUG - Dual_Lstm_Attn: epoch num: 
DEBUG - 485
DEBUG - Dual_Lstm_Attn: epoch num: 
DEBUG - 486
DEBUG - Dual_Lstm_Attn: epoch num: 
DEBUG - 487
DEBUG - Dual_Lstm_Attn: epoch num: 
DEBUG - 488
DEBUG - Dual_Lstm_Attn: epoch num: 
DEBUG - 489
DEBUG - Dual_Lstm_Attn: epoch num: 
DEBUG - 490
INFO - Epoch 490, loss: 0.000.
DEBUG - Dual_Lstm_Attn: epoch num: 
DEBUG - 491
DEBUG - Dual_Lstm_Attn: epoch num: 
DEBUG - 492
DEBUG - Dual_Lstm_Attn: epoch num: 
DEBUG - 493
DEBUG - Dual_Lstm_Attn: epoch num: 
DEBUG - 494
DEBUG - Dual_Lstm_Attn: epoch num: 
DEBUG - 495
DEBUG - Dual_Lstm_Attn: epoch num: 
DEBUG - 496
DEBUG - Dual_Lstm_Attn: epoch num: 
DEBUG - 497
DEBUG - Dual_Lstm_Attn: epoch num: 
DEBUG - 498
DEBUG - Dual_Lstm_Attn: epoch num: 
DEBUG - 499
DEBUG - update_title_pos
DEBUG - findfont: Matching :family=sans-serif:style=normal:variant=normal:weight=normal:stretch=normal:size=10.0 to DejaVu Sans ('C:\\Users\\mofir\\AppData\\Local\\Continuum\\anaconda3\\envs\\pytorch\\lib\\site-packages\\matplotlib\\mpl-data\\fonts\\ttf\\DejaVuSans.ttf') with score of 0.050000.
DEBUG - update_title_pos
DEBUG - update_title_pos
DEBUG - update_title_pos
DEBUG - update_title_pos
DEBUG - y_pred shape is: 365
DEBUG - [ 0.00814847  0.01280493  0.01219437  0.01392098  0.01412412]
DEBUG - update_title_pos
DEBUG - update_title_pos
DEBUG - update_title_pos
INFO - *****************finished executing******************
