INFO - ****************** FeatureBuilderMain : MLNX*******************
INFO - [[ 39.37  39.92  40.86 ...,  39.35  39.79  39.  ]
 [ 39.31  39.35  39.79 ...,  39.33  39.5   38.7 ]
 [ 38.98  39.33  39.5  ...,  38.81  39.43  38.66]
 ..., 
 [ 65.98  70.76  70.76 ...,  73.03  75.5   70.75]
 [ 72.77  73.03  75.5  ...,  82.    86.07  81.02]
 [ 83.3   82.    86.07 ...,  83.64  84.    78.73]]
INFO - [[ 38.98]
 [ 38.71]
 [ 40.08]
 ..., 
 [ 83.3 ]
 [ 80.71]
 [ 82.39]]
INFO - [[ 39.37   39.92   40.86  ...,  39.35   39.79   39.   ]
 [ 39.31   39.35   39.79  ...,  39.33   39.5    38.7  ]
 [ 38.98   39.33   39.5   ...,  38.81   39.43   38.66 ]
 ..., 
 [ 47.8    47.25   48.    ...,  48.     48.     47.442]
 [ 48.     48.     48.    ...,  47.55   47.8    45.8  ]
 [ 45.8    47.55   47.8   ...,  45.7    46.3    45.55 ]]
INFO - [[ 46.15   45.7    46.3   ...,  46.45   47.35   46.301]
 [ 47.1    46.45   47.35  ...,  45.1    47.9    45.1  ]
 [ 47.5    45.1    47.9   ...,  47.55   48.2    47.2  ]
 ..., 
 [ 65.98   70.76   70.76  ...,  73.03   75.5    70.75 ]
 [ 72.77   73.03   75.5   ...,  82.     86.07   81.02 ]
 [ 83.3    82.     86.07  ...,  83.64   84.     78.73 ]]
INFO - [[ 47.5 ]
 [ 48.15]
 [ 48.15]
 [ 47.9 ]
 [ 48.05]
 [ 47.95]
 [ 47.5 ]
 [ 47.95]
 [ 47.7 ]
 [ 47.7 ]
 [ 46.9 ]
 [ 46.4 ]
 [ 46.65]
 [ 45.1 ]
 [ 45.15]
 [ 46.  ]
 [ 44.8 ]
 [ 43.9 ]
 [ 43.5 ]
 [ 43.8 ]
 [ 43.6 ]
 [ 44.25]
 [ 44.05]
 [ 44.1 ]
 [ 43.8 ]
 [ 43.25]
 [ 43.85]
 [ 42.5 ]
 [ 43.3 ]
 [ 42.5 ]
 [ 43.05]
 [ 42.9 ]
 [ 43.6 ]
 [ 43.85]
 [ 44.35]
 [ 45.  ]
 [ 44.8 ]
 [ 45.  ]
 [ 45.05]
 [ 44.7 ]
 [ 44.95]
 [ 44.6 ]
 [ 44.5 ]
 [ 44.95]
 [ 45.3 ]
 [ 44.75]
 [ 45.75]
 [ 47.05]
 [ 46.95]
 [ 47.2 ]
 [ 46.75]
 [ 46.  ]
 [ 45.2 ]
 [ 45.1 ]
 [ 44.7 ]
 [ 44.75]
 [ 43.75]
 [ 43.6 ]
 [ 44.05]
 [ 44.15]
 [ 44.4 ]
 [ 43.6 ]
 [ 43.25]
 [ 43.  ]
 [ 43.95]
 [ 44.2 ]
 [ 44.3 ]
 [ 44.4 ]
 [ 45.2 ]
 [ 46.75]
 [ 46.75]
 [ 46.95]
 [ 46.35]
 [ 46.15]
 [ 46.45]
 [ 46.9 ]
 [ 46.35]
 [ 46.7 ]
 [ 47.1 ]
 [ 47.15]
 [ 46.95]
 [ 46.85]
 [ 46.6 ]
 [ 46.4 ]
 [ 45.75]
 [ 45.6 ]
 [ 46.15]
 [ 46.55]
 [ 46.3 ]
 [ 47.7 ]
 [ 47.7 ]
 [ 47.15]
 [ 48.5 ]
 [ 48.6 ]
 [ 48.15]
 [ 47.55]
 [ 47.5 ]
 [ 45.7 ]
 [ 46.15]
 [ 45.15]
 [ 44.7 ]
 [ 44.65]
 [ 44.2 ]
 [ 43.5 ]
 [ 43.1 ]
 [ 43.3 ]
 [ 43.65]
 [ 44.05]
 [ 45.3 ]
 [ 45.8 ]
 [ 45.75]
 [ 46.45]
 [ 47.7 ]
 [ 46.75]
 [ 45.8 ]
 [ 44.05]
 [ 44.4 ]
 [ 46.  ]
 [ 46.2 ]
 [ 50.1 ]
 [ 49.15]
 [ 49.1 ]
 [ 49.1 ]
 [ 48.8 ]
 [ 48.65]
 [ 49.55]
 [ 50.05]
 [ 51.05]
 [ 56.5 ]
 [ 57.1 ]
 [ 58.3 ]
 [ 57.85]
 [ 58.6 ]
 [ 57.5 ]
 [ 59.1 ]
 [ 60.9 ]
 [ 59.25]
 [ 58.25]
 [ 59.35]
 [ 61.4 ]
 [ 61.65]
 [ 62.05]
 [ 60.3 ]
 [ 61.7 ]
 [ 62.05]
 [ 62.75]
 [ 64.05]
 [ 63.6 ]
 [ 64.4 ]
 [ 64.4 ]
 [ 64.15]
 [ 64.4 ]
 [ 64.4 ]
 [ 64.5 ]
 [ 64.7 ]
 [ 65.  ]
 [ 65.  ]
 [ 65.  ]
 [ 64.7 ]
 [ 64.75]
 [ 65.85]
 [ 63.15]
 [ 64.95]
 [ 66.3 ]
 [ 64.75]
 [ 64.3 ]
 [ 65.1 ]
 [ 65.75]
 [ 66.9 ]
 [ 66.35]
 [ 65.9 ]
 [ 66.7 ]
 [ 65.85]
 [ 66.  ]
 [ 65.85]
 [ 64.95]
 [ 64.95]
 [ 63.65]
 [ 61.95]
 [ 61.9 ]
 [ 61.35]
 [ 59.3 ]
 [ 60.9 ]
 [ 61.7 ]
 [ 61.45]
 [ 62.3 ]
 [ 63.5 ]
 [ 61.85]
 [ 62.95]
 [ 62.95]
 [ 70.05]
 [ 68.7 ]
 [ 69.1 ]
 [ 68.8 ]
 [ 68.8 ]
 [ 66.95]
 [ 68.45]
 [ 68.65]
 [ 69.25]
 [ 72.  ]
 [ 72.45]
 [ 72.6 ]
 [ 72.95]
 [ 71.95]
 [ 73.3 ]
 [ 73.05]
 [ 74.4 ]
 [ 72.85]
 [ 75.8 ]
 [ 75.6 ]
 [ 74.1 ]
 [ 72.6 ]
 [ 75.45]
 [ 72.15]
 [ 70.2 ]
 [ 72.85]
 [ 71.2 ]
 [ 73.2 ]
 [ 73.7 ]
 [ 74.1 ]
 [ 73.5 ]
 [ 73.55]
 [ 75.7 ]
 [ 77.15]
 [ 77.55]
 [ 77.9 ]
 [ 78.35]
 [ 77.8 ]
 [ 77.95]
 [ 77.25]
 [ 75.75]
 [ 74.8 ]
 [ 74.25]
 [ 75.8 ]
 [ 79.4 ]
 [ 78.65]
 [ 78.6 ]
 [ 78.8 ]
 [ 79.9 ]
 [ 81.  ]
 [ 81.45]
 [ 82.65]
 [ 82.1 ]
 [ 83.45]
 [ 83.85]
 [ 83.65]
 [ 84.35]
 [ 83.55]
 [ 84.9 ]
 [ 87.05]
 [ 85.1 ]
 [ 85.55]
 [ 85.3 ]
 [ 85.7 ]
 [ 85.35]
 [ 86.3 ]
 [ 86.1 ]
 [ 86.5 ]
 [ 85.4 ]
 [ 86.5 ]
 [ 86.45]
 [ 88.6 ]
 [ 88.  ]
 [ 86.45]
 [ 85.5 ]
 [ 85.15]
 [ 85.5 ]
 [ 86.  ]
 [ 86.35]
 [ 85.9 ]
 [ 84.35]
 [ 84.3 ]
 [ 88.35]
 [ 86.85]
 [ 86.5 ]
 [ 82.55]
 [ 83.75]
 [ 81.8 ]
 [ 84.35]
 [ 84.3 ]
 [ 86.45]
 [ 84.65]
 [ 85.9 ]
 [ 86.15]
 [ 84.4 ]
 [ 85.45]
 [ 84.75]
 [ 83.1 ]
 [ 82.9 ]
 [ 83.95]
 [ 84.7 ]
 [ 83.6 ]
 [ 82.75]
 [ 83.4 ]
 [ 83.25]
 [ 82.45]
 [ 83.4 ]
 [ 82.1 ]
 [ 80.7 ]
 [ 78.8 ]
 [ 78.5 ]
 [ 80.15]
 [ 80.  ]
 [ 79.15]
 [ 80.85]
 [ 81.85]
 [ 82.05]
 [ 82.  ]
 [ 80.8 ]
 [ 80.8 ]
 [ 80.3 ]
 [ 79.55]
 [ 79.45]
 [ 79.8 ]
 [ 79.15]
 [ 79.7 ]
 [ 81.15]
 [ 80.45]
 [ 82.15]
 [ 82.55]
 [ 82.6 ]
 [ 81.75]
 [ 81.65]
 [ 83.2 ]
 [ 80.  ]
 [ 78.55]
 [ 76.7 ]
 [ 75.7 ]
 [ 76.  ]
 [ 76.25]
 [ 77.45]
 [ 77.35]
 [ 77.15]
 [ 77.1 ]
 [ 77.8 ]
 [ 78.1 ]
 [ 78.65]
 [ 76.85]
 [ 76.9 ]
 [ 76.6 ]
 [ 72.4 ]
 [ 72.8 ]
 [ 73.45]
 [ 73.45]
 [ 75.53]
 [ 77.18]
 [ 75.9 ]
 [ 74.29]
 [ 73.14]
 [ 71.46]
 [ 70.06]
 [ 69.84]
 [ 71.72]
 [ 71.89]
 [ 73.27]
 [ 72.74]
 [ 71.08]
 [ 70.58]
 [ 71.99]
 [ 71.34]
 [ 65.98]
 [ 72.77]
 [ 83.3 ]
 [ 80.71]
 [ 82.39]]
